2019-04-02 23:17:48 INFO  CommonUtil:42 - ############  INSIDE LOGIN ########################
2019-04-02 23:17:52 INFO  SeleniumUtil:291 -  print the sysc time 10
2019-04-02 23:17:58 INFO  SeleniumUtil:353 - Inside ValidateWebElementPresence method
2019-04-02 23:17:58 INFO  SeleniumUtil:365 - #########Element is present: By.className: login
2019-04-02 23:17:58 INFO  HomePage_PO:18 - ########### Inside clickSignIn_HomePage ###########
2019-04-02 23:17:58 INFO  SeleniumUtil:371 - Inside ValidateWebElementPresence method
2019-04-02 23:17:58 INFO  SeleniumUtil:375 - ######### Element is visible: By.className: login
2019-04-02 23:17:58 DEBUG SeleniumUtil:212 - inside getWebElement
2019-04-02 23:18:01 INFO  SeleniumUtil:353 - Inside ValidateWebElementPresence method
2019-04-02 23:18:01 INFO  SeleniumUtil:365 - #########Element is present: By.cssSelector: input#email
2019-04-02 23:18:01 INFO  Login_PO:19 - ############# inside Login_PO method ###################
2019-04-02 23:18:01 INFO  SeleniumUtil:353 - Inside ValidateWebElementPresence method
2019-04-02 23:18:01 INFO  SeleniumUtil:365 - #########Element is present: By.cssSelector: input#email
2019-04-02 23:18:01 DEBUG SeleniumUtil:212 - inside getWebElement
2019-04-02 23:18:01 INFO  SeleniumUtil:353 - Inside ValidateWebElementPresence method
2019-04-02 23:18:01 INFO  SeleniumUtil:365 - #########Element is present: By.cssSelector: input[id=passwd]
2019-04-02 23:18:01 DEBUG SeleniumUtil:212 - inside getWebElement
2019-04-02 23:18:02 INFO  SeleniumUtil:371 - Inside ValidateWebElementPresence method
2019-04-02 23:18:02 INFO  SeleniumUtil:375 - ######### Element is visible: By.id: SubmitLogin
2019-04-02 23:18:02 DEBUG SeleniumUtil:212 - inside getWebElement
2019-04-02 23:18:06 INFO  SeleniumUtil:267 - ############################# Inside CloseBrowser #############################
2019-04-02 23:18:08 DEBUG SeleniumUtil:270 - ###################   Closed Browser #############################
