2019-04-02 23:32:33 INFO  CommonUtil:42 - ############  INSIDE LOGIN ########################
2019-04-02 23:32:38 INFO  SeleniumUtil:291 -  print the sysc time 10
2019-04-02 23:32:45 INFO  SeleniumUtil:353 - Inside ValidateWebElementPresence method
2019-04-02 23:32:46 INFO  SeleniumUtil:365 - #########Element is present: By.className: login
2019-04-02 23:32:46 INFO  HomePage_PO:18 - ########### Inside clickSignIn_HomePage ###########
2019-04-02 23:32:46 INFO  SeleniumUtil:371 - Inside ValidateWebElementPresence method
2019-04-02 23:32:46 INFO  SeleniumUtil:375 - ######### Element is visible: By.className: login
2019-04-02 23:32:46 DEBUG SeleniumUtil:212 - inside getWebElement
2019-04-02 23:32:48 INFO  SeleniumUtil:353 - Inside ValidateWebElementPresence method
2019-04-02 23:32:48 INFO  SeleniumUtil:365 - #########Element is present: By.cssSelector: input#email
2019-04-02 23:32:48 INFO  Login_PO:19 - ############# inside Login_PO method ###################
2019-04-02 23:32:48 INFO  SeleniumUtil:353 - Inside ValidateWebElementPresence method
2019-04-02 23:32:48 INFO  SeleniumUtil:365 - #########Element is present: By.cssSelector: input#email
2019-04-02 23:32:48 DEBUG SeleniumUtil:212 - inside getWebElement
2019-04-02 23:32:48 INFO  SeleniumUtil:353 - Inside ValidateWebElementPresence method
2019-04-02 23:32:48 INFO  SeleniumUtil:365 - #########Element is present: By.cssSelector: input[id=passwd]
2019-04-02 23:32:48 DEBUG SeleniumUtil:212 - inside getWebElement
2019-04-02 23:32:48 INFO  SeleniumUtil:371 - Inside ValidateWebElementPresence method
2019-04-02 23:32:48 INFO  SeleniumUtil:375 - ######### Element is visible: By.id: SubmitLogin
2019-04-02 23:32:48 DEBUG SeleniumUtil:212 - inside getWebElement
2019-04-02 23:32:54 INFO  WelcomePage_PO:19 - ######  Inside clickSignOut ##############
2019-04-02 23:32:54 DEBUG SeleniumUtil:212 - inside getWebElement
2019-04-02 23:32:56 INFO  SeleniumUtil:267 - ############################# Inside CloseBrowser #############################
2019-04-02 23:32:56 DEBUG SeleniumUtil:270 - ###################   Closed Browser #############################
