2019-04-02 23:29:27 INFO  CommonUtil:42 - ############  INSIDE LOGIN ########################
2019-04-02 23:29:31 INFO  SeleniumUtil:291 -  print the sysc time 10
2019-04-02 23:29:37 INFO  SeleniumUtil:353 - Inside ValidateWebElementPresence method
2019-04-02 23:29:37 INFO  SeleniumUtil:365 - #########Element is present: By.className: login
2019-04-02 23:29:37 INFO  HomePage_PO:18 - ########### Inside clickSignIn_HomePage ###########
2019-04-02 23:29:37 INFO  SeleniumUtil:371 - Inside ValidateWebElementPresence method
2019-04-02 23:29:38 INFO  SeleniumUtil:375 - ######### Element is visible: By.className: login
2019-04-02 23:29:38 DEBUG SeleniumUtil:212 - inside getWebElement
2019-04-02 23:29:40 INFO  SeleniumUtil:353 - Inside ValidateWebElementPresence method
2019-04-02 23:29:40 INFO  SeleniumUtil:365 - #########Element is present: By.cssSelector: input#email
2019-04-02 23:29:40 INFO  Login_PO:19 - ############# inside Login_PO method ###################
2019-04-02 23:29:40 INFO  SeleniumUtil:353 - Inside ValidateWebElementPresence method
2019-04-02 23:29:40 INFO  SeleniumUtil:365 - #########Element is present: By.cssSelector: input#email
2019-04-02 23:29:40 DEBUG SeleniumUtil:212 - inside getWebElement
2019-04-02 23:29:40 INFO  SeleniumUtil:353 - Inside ValidateWebElementPresence method
2019-04-02 23:29:40 INFO  SeleniumUtil:365 - #########Element is present: By.cssSelector: input[id=passwd]
2019-04-02 23:29:40 DEBUG SeleniumUtil:212 - inside getWebElement
2019-04-02 23:29:40 INFO  SeleniumUtil:371 - Inside ValidateWebElementPresence method
2019-04-02 23:29:40 INFO  SeleniumUtil:375 - ######### Element is visible: By.id: SubmitLogin
2019-04-02 23:29:40 DEBUG SeleniumUtil:212 - inside getWebElement
2019-04-02 23:29:44 INFO  SeleniumUtil:267 - ############################# Inside CloseBrowser #############################
2019-04-02 23:29:46 DEBUG SeleniumUtil:270 - ###################   Closed Browser #############################
2019-04-02 23:29:46 INFO  CommonUtil:42 - ############  INSIDE LOGIN ########################
2019-04-02 23:29:49 INFO  SeleniumUtil:291 -  print the sysc time 10
2019-04-02 23:29:56 INFO  SeleniumUtil:353 - Inside ValidateWebElementPresence method
2019-04-02 23:29:56 INFO  SeleniumUtil:365 - #########Element is present: By.className: login
2019-04-02 23:29:56 INFO  HomePage_PO:18 - ########### Inside clickSignIn_HomePage ###########
2019-04-02 23:29:56 INFO  SeleniumUtil:371 - Inside ValidateWebElementPresence method
2019-04-02 23:29:56 INFO  SeleniumUtil:375 - ######### Element is visible: By.className: login
2019-04-02 23:29:56 DEBUG SeleniumUtil:212 - inside getWebElement
2019-04-02 23:29:59 INFO  SeleniumUtil:353 - Inside ValidateWebElementPresence method
2019-04-02 23:29:59 INFO  SeleniumUtil:365 - #########Element is present: By.cssSelector: input#email
2019-04-02 23:29:59 INFO  Login_PO:19 - ############# inside Login_PO method ###################
2019-04-02 23:29:59 INFO  SeleniumUtil:353 - Inside ValidateWebElementPresence method
2019-04-02 23:29:59 INFO  SeleniumUtil:365 - #########Element is present: By.cssSelector: input#email
2019-04-02 23:29:59 DEBUG SeleniumUtil:212 - inside getWebElement
2019-04-02 23:29:59 INFO  SeleniumUtil:353 - Inside ValidateWebElementPresence method
2019-04-02 23:29:59 INFO  SeleniumUtil:365 - #########Element is present: By.cssSelector: input[id=passwd]
2019-04-02 23:29:59 DEBUG SeleniumUtil:212 - inside getWebElement
2019-04-02 23:29:59 INFO  SeleniumUtil:371 - Inside ValidateWebElementPresence method
2019-04-02 23:29:59 INFO  SeleniumUtil:375 - ######### Element is visible: By.id: SubmitLogin
2019-04-02 23:29:59 DEBUG SeleniumUtil:212 - inside getWebElement
2019-04-02 23:30:05 INFO  WelcomePage_PO:19 - ######  Inside clickSignOut ##############
2019-04-02 23:30:05 DEBUG SeleniumUtil:212 - inside getWebElement
2019-04-02 23:30:08 INFO  SeleniumUtil:267 - ############################# Inside CloseBrowser #############################
2019-04-02 23:30:08 DEBUG SeleniumUtil:270 - ###################   Closed Browser #############################
